<?xml version="1.0" encoding="UTF-8"?>
<!-- Generated by org.testng.reporters.JUnitXMLReporter -->
<testsuite ignored="0" hostname="LAPTOP-1F11223N" failures="0" tests="3" name="Test" time="37.056" errors="0" timestamp="2021-05-17T14:34:04 IST">
  <testcase classname="RealProject.FrameworkProject.Validation" name="homepageNavigation" time="0.291"/>
  <testcase classname="RealProject.FrameworkProject.HomePage" name="homepageNavigation" time="12.207"/>
  <testcase classname="RealProject.FrameworkProject.HomePage" name="homepageNavigation" time="4.214"/>
</testsuite> <!-- Test -->
